<?xml version="1.0" encoding="UTF-8"?>
<testsuite name="interaction with a virtual branch" tests="1" skipped="1" failures="0" errors="0" timestamp="2021-01-09T23:39:43" hostname="DESKTOP-LLQQ5AI" time="0.049">
  <properties/>
  <testcase name="try to enter to the virtual branch with wrong credentials" classname="interaction with a virtual branch" time="0.049">
    <skipped/>
  </testcase>
  <system-out><![CDATA[]]></system-out>
  <system-err><![CDATA[[Test worker] INFO net.thucydides.core.steps.ConsoleLoggingListener - TEST PENDING
[Test worker] INFO net.thucydides.core.steps.ConsoleLoggingListener - 
          __  _____ _____ ____ _____   ____  _____ _   _ ____ ___ _   _  ____ 
 _       / / |_   _| ____/ ___|_   _| |  _ \| ____| \ | |  _ \_ _| \ | |/ ___|
(_)____ / /    | | |  _| \___ \ | |   | |_) |  _| |  \| | | | | ||  \| | |  _ 
 |_____/ /     | | | |___ ___) || |   |  __/| |___| |\  | |_| | || |\  | |_| |
(_)   /_/      |_| |_____|____/ |_|   |_|   |_____|_| \_|____/___|_| \_|\____|
                                                                                

TEST PENDING: try to enter to the virtual branch with wrong credentials
---------------------------------------------------------------------------------
]]></system-err>
</testsuite>
