<?xml version="1.0" encoding="UTF-8"?>
<testsuite name="co.com.bancolombia.certificacion.retointeraccion.runners.InteractionSucursalVirtualRunner" tests="0" skipped="0" failures="0" errors="0" timestamp="1970-01-01T00:00:00" hostname="DESKTOP-LLQQ5AI" time="0.0">
  <properties/>
  <system-out><![CDATA[
1 Scenarios (?[33m1 pending?[0m)
3 Steps (?[36m2 skipped?[0m, ?[33m1 pending?[0m)
0m16,525s

cucumber.api.PendingException: TODO: implement me
	at co.com.bancolombia.certificacion.retointeraccion.stepdefinitions.InteractionSucursalVirtualStepDefinitions.thatGabrielWantsToTryToEnterToTheBancolombiaSVirtualBranch(InteractionSucursalVirtualStepDefinitions.java:31)
	at ?.that Gabriel wants to try to enter to the Bancolombia's virtual branch(src/test/resources/features/interaction_sucursal_virtual.feature:7)

]]></system-out>
  <system-err><![CDATA[[Test worker] INFO net.thucydides.core.steps.ConsoleLoggingListener - 

-------------------------------------------------------------------------------------
     _______. _______ .______       _______ .__   __.  __  .___________.____    ____ 
    /       ||   ____||   _  \     |   ____||  \ |  | |  | |           |\   \  /   / 
   |   (----`|  |__   |  |_)  |    |  |__   |   \|  | |  | `---|  |----` \   \/   /  
    \   \    |   __|  |      /     |   __|  |  . `  | |  |     |  |       \_    _/   
.----)   |   |  |____ |  |\  \----.|  |____ |  |\   | |  |     |  |         |  |     
|_______/    |_______|| _| `._____||_______||__| \__| |__|     |__|         |__|    
                                                                                     
 News and tutorials at http://www.serenity-bdd.info                                  
 Documentation at https://wakaleo.gitbooks.io/the-serenity-book/content/             
 Join the Serenity Community on Rocket Chat at https://serenity-bdd.rocket.chat      
 Serenity BDD Support and Training at http://serenity-bdd.info/#/trainingandsupport  
 Learn Serenity BDD online at http://serenity-dojo.com                               
-------------------------------------------------------------------------------------

[Test worker] INFO net.thucydides.core.steps.ConsoleLoggingListener - Test Suite Started: interaction with a virtual branch
[Test worker] INFO net.thucydides.core.steps.ConsoleLoggingListener - 
 _____ _____ ____ _____   ____ _____  _    ____ _____ _____ ____  
|_   _| ____/ ___|_   _| / ___|_   _|/ \  |  _ \_   _| ____|  _ \ 
  | | |  _| \___ \ | |   \___ \ | | / _ \ | |_) || | |  _| | | | |
  | | | |___ ___) || |    ___) || |/ ___ \|  _ < | | | |___| |_| |
  |_| |_____|____/ |_|   |____/ |_/_/   \_\_| \_\|_| |_____|____/ 
                                                                  

TEST STARTED: try to enter to the virtual branch with wrong credentials
-------------------------------------------------------------------(interaction-with-a-virtual-branch;try-to-enter-to-the-virtual-branch-with-wrong-credentials)
]]></system-err>
</testsuite>
